2021-07-06T00:45:51+00:00 CRITICAL Uncaught Error: Call to undefined function setpostview() in C:\xampp\htdocs\wordpress\wp-content\themes\Xtmobile_Tranning\page.php:9
Stack trace:
#0 C:\xampp\htdocs\wordpress\wp-includes\template-loader.php(106): include()
#1 C:\xampp\htdocs\wordpress\wp-blog-header.php(19): require_once('C:\\xampp\\htdocs...')
#2 C:\xampp\htdocs\wordpress\index.php(17): require('C:\\xampp\\htdocs...')
#3 {main}
  thrown in C:\xampp\htdocs\wordpress\wp-content\themes\Xtmobile_Tranning\page.php on line 9

2021-07-06T02:33:38+00:00 CRITICAL Uncaught Error: Call to undefined function setpostview() in C:\xampp\htdocs\wordpress\wp-content\themes\Xtmobile_Tranning\page.php:9
Stack trace:
#0 C:\xampp\htdocs\wordpress\wp-includes\template-loader.php(106): include()
#1 C:\xampp\htdocs\wordpress\wp-blog-header.php(19): require_once('C:\\xampp\\htdocs...')
#2 C:\xampp\htdocs\wordpress\index.php(17): require('C:\\xampp\\htdocs...')
#3 {main}
  thrown in C:\xampp\htdocs\wordpress\wp-content\themes\Xtmobile_Tranning\page.php on line 9

2021-07-06T02:33:52+00:00 CRITICAL Uncaught Error: Call to undefined function setpostview() in C:\xampp\htdocs\wordpress\wp-content\themes\Xtmobile_Tranning\page.php:9
Stack trace:
#0 C:\xampp\htdocs\wordpress\wp-includes\template-loader.php(106): include()
#1 C:\xampp\htdocs\wordpress\wp-blog-header.php(19): require_once('C:\\xampp\\htdocs...')
#2 C:\xampp\htdocs\wordpress\index.php(17): require('C:\\xampp\\htdocs...')
#3 {main}
  thrown in C:\xampp\htdocs\wordpress\wp-content\themes\Xtmobile_Tranning\page.php on line 9

2021-07-06T02:34:06+00:00 CRITICAL Uncaught Error: Call to undefined function setpostview() in C:\xampp\htdocs\wordpress\wp-content\themes\Xtmobile_Tranning\page.php:9
Stack trace:
#0 C:\xampp\htdocs\wordpress\wp-includes\template-loader.php(106): include()
#1 C:\xampp\htdocs\wordpress\wp-blog-header.php(19): require_once('C:\\xampp\\htdocs...')
#2 C:\xampp\htdocs\wordpress\index.php(17): require('C:\\xampp\\htdocs...')
#3 {main}
  thrown in C:\xampp\htdocs\wordpress\wp-content\themes\Xtmobile_Tranning\page.php on line 9

2021-07-06T02:38:39+00:00 CRITICAL Uncaught Error: Call to undefined function setpostview() in C:\xampp\htdocs\wordpress\wp-content\themes\Xtmobile_Tranning\page.php:9
Stack trace:
#0 C:\xampp\htdocs\wordpress\wp-includes\template-loader.php(106): include()
#1 C:\xampp\htdocs\wordpress\wp-blog-header.php(19): require_once('C:\\xampp\\htdocs...')
#2 C:\xampp\htdocs\wordpress\index.php(17): require('C:\\xampp\\htdocs...')
#3 {main}
  thrown in C:\xampp\htdocs\wordpress\wp-content\themes\Xtmobile_Tranning\page.php on line 9

2021-07-06T02:39:36+00:00 CRITICAL Uncaught Error: Call to undefined function set_post_view() in C:\xampp\htdocs\wordpress\wp-content\themes\Xtmobile_Tranning\page.php:9
Stack trace:
#0 C:\xampp\htdocs\wordpress\wp-includes\template-loader.php(106): include()
#1 C:\xampp\htdocs\wordpress\wp-blog-header.php(19): require_once('C:\\xampp\\htdocs...')
#2 C:\xampp\htdocs\wordpress\index.php(17): require('C:\\xampp\\htdocs...')
#3 {main}
  thrown in C:\xampp\htdocs\wordpress\wp-content\themes\Xtmobile_Tranning\page.php on line 9

2021-07-06T03:23:23+00:00 CRITICAL Uncaught Error: Call to undefined function setpostview() in C:\xampp\htdocs\wordpress\wp-content\themes\Xtmobile_Tranning\page.php:9
Stack trace:
#0 C:\xampp\htdocs\wordpress\wp-includes\template-loader.php(106): include()
#1 C:\xampp\htdocs\wordpress\wp-blog-header.php(19): require_once('C:\\xampp\\htdocs...')
#2 C:\xampp\htdocs\wordpress\index.php(17): require('C:\\xampp\\htdocs...')
#3 {main}
  thrown in C:\xampp\htdocs\wordpress\wp-content\themes\Xtmobile_Tranning\page.php on line 9

